android/app/build/intermediates/manifest_merge_blame_file/release/processReleaseMainManifest/manifest-merger-blame-release-report.txt
1<?xml version="1.0" encoding="utf-8"?>
2<manifest xmlns:android="http://schemas.android.com/apk/res/android"
3    package="com.morphoscan.pro"
4    android:versionCode="1"
5    android:versionName="1.0.0" >
6
7    <uses-sdk
8        android:minSdkVersion="24"
9        android:targetSdkVersion="36" />
10
11    <!-- Network permissions -->
12    <uses-permission android:name="android.permission.INTERNET" />
12-->src/main/AndroidManifest.xml:6:5-67
12-->src/main/AndroidManifest.xml:6:22-64
13    <uses-permission android:name="android.permission.ACCESS_NETWORK_STATE" />
13-->src/main/AndroidManifest.xml:7:5-79
13-->src/main/AndroidManifest.xml:7:22-76
14
15    <!-- Camera permissions -->
16    <uses-permission android:name="android.permission.CAMERA" />
16-->src/main/AndroidManifest.xml:10:5-65
16-->src/main/AndroidManifest.xml:10:22-62
17
18    <uses-feature
18-->src/main/AndroidManifest.xml:11:5-85
19        android:name="android.hardware.camera"
19-->src/main/AndroidManifest.xml:11:19-57
20        android:required="false" />
20-->src/main/AndroidManifest.xml:11:58-82
21    <uses-feature
21-->src/main/AndroidManifest.xml:12:5-95
22        android:name="android.hardware.camera.autofocus"
22-->src/main/AndroidManifest.xml:12:19-67
23        android:required="false" />
23-->src/main/AndroidManifest.xml:12:68-92
24
25    <!-- Storage permissions for image handling -->
26    <uses-permission android:name="android.permission.READ_EXTERNAL_STORAGE" />
26-->src/main/AndroidManifest.xml:15:5-80
26-->src/main/AndroidManifest.xml:15:22-77
27    <uses-permission android:name="android.permission.WRITE_EXTERNAL_STORAGE" />
27-->src/main/AndroidManifest.xml:16:5-81
27-->src/main/AndroidManifest.xml:16:22-78
28
29    <!-- Biometric authentication -->
30    <uses-permission android:name="android.permission.USE_BIOMETRIC" />
30-->src/main/AndroidManifest.xml:19:5-72
30-->src/main/AndroidManifest.xml:19:22-69
31    <uses-permission android:name="android.permission.USE_FINGERPRINT" />
31-->src/main/AndroidManifest.xml:20:5-74
31-->src/main/AndroidManifest.xml:20:22-71
32
33    <!-- Push notifications -->
34    <uses-permission android:name="com.google.android.c2dm.permission.RECEIVE" />
34-->src/main/AndroidManifest.xml:23:5-82
34-->src/main/AndroidManifest.xml:23:22-79
35
36    <permission
37        android:name="com.morphoscan.pro.permission.C2D_MESSAGE"
37-->src/main/AndroidManifest.xml:25:9-63
38        android:protectionLevel="signature" />
38-->src/main/AndroidManifest.xml:26:9-44
39
40    <uses-permission android:name="com.morphoscan.pro.permission.C2D_MESSAGE" />
40-->src/main/AndroidManifest.xml:27:22-76
41
42    <!-- Wake lock for notifications -->
43    <uses-permission android:name="android.permission.WAKE_LOCK" />
43-->src/main/AndroidManifest.xml:30:5-68
43-->src/main/AndroidManifest.xml:30:22-65
44
45    <!-- Vibrate permission for haptic feedback -->
46    <uses-permission android:name="android.permission.VIBRATE" />
46-->src/main/AndroidManifest.xml:33:5-66
46-->src/main/AndroidManifest.xml:33:22-63
47
48    <permission
48-->[androidx.core:core:1.17.0] AndroidManifest.xml:22:5-24:47
49        android:name="com.morphoscan.pro.DYNAMIC_RECEIVER_NOT_EXPORTED_PERMISSION"
49-->[androidx.core:core:1.17.0] AndroidManifest.xml:23:9-81
50        android:protectionLevel="signature" />
50-->[androidx.core:core:1.17.0] AndroidManifest.xml:24:9-44
51
52    <uses-permission android:name="com.morphoscan.pro.DYNAMIC_RECEIVER_NOT_EXPORTED_PERMISSION" />
52-->[androidx.core:core:1.17.0] AndroidManifest.xml:26:5-97
52-->[androidx.core:core:1.17.0] AndroidManifest.xml:26:22-94
53
54    <application
54-->src/main/AndroidManifest.xml:35:5-100:19
55        android:allowBackup="true"
55-->src/main/AndroidManifest.xml:36:9-35
56        android:appComponentFactory="androidx.core.app.CoreComponentFactory"
56-->[androidx.core:core:1.17.0] AndroidManifest.xml:28:18-86
57        android:dataExtractionRules="@xml/data_extraction_rules"
57-->src/main/AndroidManifest.xml:37:9-65
58        android:extractNativeLibs="false"
59        android:fullBackupContent="@xml/backup_rules"
59-->src/main/AndroidManifest.xml:38:9-54
60        android:icon="@mipmap/ic_launcher"
60-->src/main/AndroidManifest.xml:39:9-43
61        android:label="@string/app_name"
61-->src/main/AndroidManifest.xml:40:9-41
62        android:theme="@style/AppTheme"
62-->src/main/AndroidManifest.xml:41:9-40
63        android:usesCleartextTraffic="false" >
63-->src/main/AndroidManifest.xml:42:9-45
64
65        <!-- Main Activity -->
66        <activity
66-->src/main/AndroidManifest.xml:46:9-69:20
67            android:name="io.ionic.starter.MainActivity"
67-->src/main/AndroidManifest.xml:48:13-57
68            android:configChanges="orientation|keyboardHidden|keyboard|screenSize|locale|smallestScreenSize|screenLayout|uiMode"
68-->src/main/AndroidManifest.xml:47:13-129
69            android:exported="true"
69-->src/main/AndroidManifest.xml:52:13-36
70            android:label="@string/title_activity_main"
70-->src/main/AndroidManifest.xml:49:13-56
71            android:launchMode="singleTask"
71-->src/main/AndroidManifest.xml:51:13-44
72            android:screenOrientation="portrait"
72-->src/main/AndroidManifest.xml:53:13-49
73            android:theme="@style/AppTheme.NoActionBarLaunch" >
73-->src/main/AndroidManifest.xml:50:13-62
74            <intent-filter android:autoVerify="true" >
74-->src/main/AndroidManifest.xml:55:13-58:29
74-->src/main/AndroidManifest.xml:55:28-53
75                <action android:name="android.intent.action.MAIN" />
75-->src/main/AndroidManifest.xml:56:17-69
75-->src/main/AndroidManifest.xml:56:25-66
76
77                <category android:name="android.intent.category.LAUNCHER" />
77-->src/main/AndroidManifest.xml:57:17-77
77-->src/main/AndroidManifest.xml:57:27-74
78            </intent-filter>
79
80            <!-- Deep linking -->
81            <intent-filter android:autoVerify="true" >
81-->src/main/AndroidManifest.xml:61:13-68:29
81-->src/main/AndroidManifest.xml:61:28-53
82                <action android:name="android.intent.action.VIEW" />
82-->src/main/AndroidManifest.xml:62:17-69
82-->src/main/AndroidManifest.xml:62:25-66
83
84                <category android:name="android.intent.category.DEFAULT" />
84-->src/main/AndroidManifest.xml:63:17-76
84-->src/main/AndroidManifest.xml:63:27-73
85                <category android:name="android.intent.category.BROWSABLE" />
85-->src/main/AndroidManifest.xml:64:17-78
85-->src/main/AndroidManifest.xml:64:27-75
86
87                <data
87-->src/main/AndroidManifest.xml:65:17-66:58
88                    android:host="morphoscanpro.com"
88-->src/main/AndroidManifest.xml:66:23-55
89                    android:scheme="https" />
89-->src/main/AndroidManifest.xml:65:23-45
90                <data android:scheme="morphoscan" />
90-->src/main/AndroidManifest.xml:65:17-66:58
90-->src/main/AndroidManifest.xml:65:23-45
91            </intent-filter>
92        </activity>
93
94        <!-- Push Notification Service -->
95        <service
95-->src/main/AndroidManifest.xml:72:9-78:19
96            android:name="io.ionic.starter.FirebaseMessagingService"
96-->src/main/AndroidManifest.xml:73:13-69
97            android:exported="false" >
97-->src/main/AndroidManifest.xml:74:13-37
98            <intent-filter>
98-->src/main/AndroidManifest.xml:75:13-77:29
99                <action android:name="com.google.firebase.MESSAGING_EVENT" />
99-->src/main/AndroidManifest.xml:76:17-78
99-->src/main/AndroidManifest.xml:76:25-75
100            </intent-filter>
101        </service>
102
103        <!-- File Provider for sharing -->
104        <provider
105            android:name="androidx.core.content.FileProvider"
105-->src/main/AndroidManifest.xml:82:13-62
106            android:authorities="com.morphoscan.pro.fileprovider"
106-->src/main/AndroidManifest.xml:83:13-64
107            android:exported="false"
107-->src/main/AndroidManifest.xml:84:13-37
108            android:grantUriPermissions="true" >
108-->src/main/AndroidManifest.xml:85:13-47
109            <meta-data
109-->src/main/AndroidManifest.xml:86:13-88:54
110                android:name="android.support.FILE_PROVIDER_PATHS"
110-->src/main/AndroidManifest.xml:87:17-67
111                android:resource="@xml/file_paths" />
111-->src/main/AndroidManifest.xml:88:17-51
112        </provider>
113
114        <!-- App Links verification -->
115        <meta-data
115-->src/main/AndroidManifest.xml:92:9-94:59
116            android:name="asset_statements"
116-->src/main/AndroidManifest.xml:93:13-44
117            android:resource="@string/asset_statements" />
117-->src/main/AndroidManifest.xml:94:13-56
118
119        <!-- Security config -->
120        <meta-data
120-->src/main/AndroidManifest.xml:97:9-99:63
121            android:name="android.security.network_security_config"
121-->src/main/AndroidManifest.xml:98:13-68
122            android:resource="@xml/network_security_config" />
122-->src/main/AndroidManifest.xml:99:13-60
123
124        <service
124-->[androidx.camera:camera-camera2:1.3.1] AndroidManifest.xml:24:9-33:19
125            android:name="androidx.camera.core.impl.MetadataHolderService"
125-->[androidx.camera:camera-camera2:1.3.1] AndroidManifest.xml:25:13-75
126            android:enabled="false"
126-->[androidx.camera:camera-camera2:1.3.1] AndroidManifest.xml:26:13-36
127            android:exported="false" >
127-->[androidx.camera:camera-camera2:1.3.1] AndroidManifest.xml:27:13-37
128            <meta-data
128-->[androidx.camera:camera-camera2:1.3.1] AndroidManifest.xml:30:13-32:89
129                android:name="androidx.camera.core.impl.MetadataHolderService.DEFAULT_CONFIG_PROVIDER"
129-->[androidx.camera:camera-camera2:1.3.1] AndroidManifest.xml:31:17-103
130                android:value="androidx.camera.camera2.Camera2Config$DefaultProvider" />
130-->[androidx.camera:camera-camera2:1.3.1] AndroidManifest.xml:32:17-86
131        </service>
132
133        <provider
133-->[androidx.emoji2:emoji2:1.3.0] AndroidManifest.xml:24:9-32:20
134            android:name="androidx.startup.InitializationProvider"
134-->[androidx.emoji2:emoji2:1.3.0] AndroidManifest.xml:25:13-67
135            android:authorities="com.morphoscan.pro.androidx-startup"
135-->[androidx.emoji2:emoji2:1.3.0] AndroidManifest.xml:26:13-68
136            android:exported="false" >
136-->[androidx.emoji2:emoji2:1.3.0] AndroidManifest.xml:27:13-37
137            <meta-data
137-->[androidx.emoji2:emoji2:1.3.0] AndroidManifest.xml:29:13-31:52
138                android:name="androidx.emoji2.text.EmojiCompatInitializer"
138-->[androidx.emoji2:emoji2:1.3.0] AndroidManifest.xml:30:17-75
139                android:value="androidx.startup" />
139-->[androidx.emoji2:emoji2:1.3.0] AndroidManifest.xml:31:17-49
140            <meta-data
140-->[androidx.lifecycle:lifecycle-process:2.6.2] AndroidManifest.xml:29:13-31:52
141                android:name="androidx.lifecycle.ProcessLifecycleInitializer"
141-->[androidx.lifecycle:lifecycle-process:2.6.2] AndroidManifest.xml:30:17-78
142                android:value="androidx.startup" />
142-->[androidx.lifecycle:lifecycle-process:2.6.2] AndroidManifest.xml:31:17-49
143            <meta-data
143-->[androidx.profileinstaller:profileinstaller:1.4.0] AndroidManifest.xml:29:13-31:52
144                android:name="androidx.profileinstaller.ProfileInstallerInitializer"
144-->[androidx.profileinstaller:profileinstaller:1.4.0] AndroidManifest.xml:30:17-85
145                android:value="androidx.startup" />
145-->[androidx.profileinstaller:profileinstaller:1.4.0] AndroidManifest.xml:31:17-49
146        </provider>
147
148        <receiver
148-->[androidx.profileinstaller:profileinstaller:1.4.0] AndroidManifest.xml:34:9-52:20
149            android:name="androidx.profileinstaller.ProfileInstallReceiver"
149-->[androidx.profileinstaller:profileinstaller:1.4.0] AndroidManifest.xml:35:13-76
150            android:directBootAware="false"
150-->[androidx.profileinstaller:profileinstaller:1.4.0] AndroidManifest.xml:36:13-44
151            android:enabled="true"
151-->[androidx.profileinstaller:profileinstaller:1.4.0] AndroidManifest.xml:37:13-35
152            android:exported="true"
152-->[androidx.profileinstaller:profileinstaller:1.4.0] AndroidManifest.xml:38:13-36
153            android:permission="android.permission.DUMP" >
153-->[androidx.profileinstaller:profileinstaller:1.4.0] AndroidManifest.xml:39:13-57
154            <intent-filter>
154-->[androidx.profileinstaller:profileinstaller:1.4.0] AndroidManifest.xml:40:13-42:29
155                <action android:name="androidx.profileinstaller.action.INSTALL_PROFILE" />
155-->[androidx.profileinstaller:profileinstaller:1.4.0] AndroidManifest.xml:41:17-91
155-->[androidx.profileinstaller:profileinstaller:1.4.0] AndroidManifest.xml:41:25-88
156            </intent-filter>
157            <intent-filter>
157-->[androidx.profileinstaller:profileinstaller:1.4.0] AndroidManifest.xml:43:13-45:29
158                <action android:name="androidx.profileinstaller.action.SKIP_FILE" />
158-->[androidx.profileinstaller:profileinstaller:1.4.0] AndroidManifest.xml:44:17-85
158-->[androidx.profileinstaller:profileinstaller:1.4.0] AndroidManifest.xml:44:25-82
159            </intent-filter>
160            <intent-filter>
160-->[androidx.profileinstaller:profileinstaller:1.4.0] AndroidManifest.xml:46:13-48:29
161                <action android:name="androidx.profileinstaller.action.SAVE_PROFILE" />
161-->[androidx.profileinstaller:profileinstaller:1.4.0] AndroidManifest.xml:47:17-88
161-->[androidx.profileinstaller:profileinstaller:1.4.0] AndroidManifest.xml:47:25-85
162            </intent-filter>
163            <intent-filter>
163-->[androidx.profileinstaller:profileinstaller:1.4.0] AndroidManifest.xml:49:13-51:29
164                <action android:name="androidx.profileinstaller.action.BENCHMARK_OPERATION" />
164-->[androidx.profileinstaller:profileinstaller:1.4.0] AndroidManifest.xml:50:17-95
164-->[androidx.profileinstaller:profileinstaller:1.4.0] AndroidManifest.xml:50:25-92
165            </intent-filter>
166        </receiver>
167    </application>
168
169</manifest>